<?xml version="1.0" encoding="UTF-8"?>
<testng-results total="8" passed="8" failed="0" skipped="0">
  <reporter-output>
  </reporter-output>
  <suite started-at="2024-03-15T07:24:14Z" name="Page Object test example" finished-at="2024-03-15T07:25:31Z" duration-ms="76482">
    <groups>
    </groups>
    <test started-at="2024-03-15T07:24:14Z" name="test-1" finished-at="2024-03-15T07:25:31Z" duration-ms="76482">
      <class name="com.spree.test.AddAddressTest">
        <test-method is-config="true" signature="SetUp()[pri:0, instance:com.spree.test.AddAddressTest@2a3b5b47]" started-at="2024-03-15T12:54:14Z" name="SetUp" finished-at="2024-03-15T12:54:14Z" duration-ms="177" status="PASS">
          <reporter-output>
          </reporter-output>
        </test-method> <!-- SetUp -->
        <test-method is-config="true" signature="initializeTestBaseSetup(java.lang.String, java.lang.String)[pri:0, instance:com.spree.test.AddAddressTest@2a3b5b47]" started-at="2024-03-15T12:54:37Z" name="initializeTestBaseSetup" finished-at="2024-03-15T12:54:46Z" duration-ms="8975" status="PASS">
          <params>
            <param index="0">
              <value>
                <![CDATA[edge]]>
              </value>
            </param>
            <param index="1">
              <value>
                <![CDATA[https://demo.spreecommerce.org/]]>
              </value>
            </param>
          </params>
          <reporter-output>
          </reporter-output>
        </test-method> <!-- initializeTestBaseSetup -->
        <test-method is-config="true" signature="setUp()[pri:0, instance:com.spree.test.AddAddressTest@2a3b5b47]" started-at="2024-03-15T12:54:46Z" name="setUp" finished-at="2024-03-15T12:54:50Z" duration-ms="4033" status="PASS">
          <reporter-output>
          </reporter-output>
        </test-method> <!-- setUp -->
        <test-method signature="validateMyAccountURL()[pri:0, instance:com.spree.test.AddAddressTest@2a3b5b47]" started-at="2024-03-15T12:54:50Z" name="validateMyAccountURL" finished-at="2024-03-15T12:54:52Z" duration-ms="2022" status="PASS">
          <reporter-output>
          </reporter-output>
        </test-method> <!-- validateMyAccountURL -->
        <test-method is-config="true" signature="tearDown(org.testng.ITestResult)[pri:0, instance:com.spree.test.AddAddressTest@2a3b5b47]" started-at="2024-03-15T12:54:52Z" name="tearDown" finished-at="2024-03-15T12:54:52Z" duration-ms="0" status="PASS">
          <params>
            <param index="0">
              <value>
                <![CDATA[[TestResult name=validateMyAccountURL status=SUCCESS method=AddAddressTest.validateMyAccountURL()[pri:0, instance:com.spree.test.AddAddressTest@2a3b5b47] output={null}]]]>
              </value>
            </param>
          </params>
          <reporter-output>
          </reporter-output>
        </test-method> <!-- tearDown -->
        <test-method signature="validateMyAccountText()[pri:0, instance:com.spree.test.AddAddressTest@2a3b5b47]" started-at="2024-03-15T12:54:52Z" name="validateMyAccountText" finished-at="2024-03-15T12:54:54Z" duration-ms="2047" status="PASS">
          <reporter-output>
          </reporter-output>
        </test-method> <!-- validateMyAccountText -->
        <test-method is-config="true" signature="tearDown(org.testng.ITestResult)[pri:0, instance:com.spree.test.AddAddressTest@2a3b5b47]" started-at="2024-03-15T12:54:54Z" name="tearDown" finished-at="2024-03-15T12:54:54Z" duration-ms="0" status="PASS">
          <params>
            <param index="0">
              <value>
                <![CDATA[[TestResult name=validateMyAccountText status=SUCCESS method=AddAddressTest.validateMyAccountText()[pri:0, instance:com.spree.test.AddAddressTest@2a3b5b47] output={null}]]]>
              </value>
            </param>
          </params>
          <reporter-output>
          </reporter-output>
        </test-method> <!-- tearDown -->
        <test-method signature="addAddress()[pri:0, instance:com.spree.test.AddAddressTest@2a3b5b47]" started-at="2024-03-15T12:54:54Z" name="addAddress" finished-at="2024-03-15T12:55:00Z" duration-ms="6602" status="PASS">
          <reporter-output>
          </reporter-output>
        </test-method> <!-- addAddress -->
        <test-method is-config="true" signature="logout()[pri:0, instance:com.spree.test.AddAddressTest@2a3b5b47]" started-at="2024-03-15T12:55:00Z" name="logout" finished-at="2024-03-15T12:55:01Z" duration-ms="934" status="PASS">
          <reporter-output>
          </reporter-output>
        </test-method> <!-- logout -->
        <test-method is-config="true" signature="tearDown(org.testng.ITestResult)[pri:0, instance:com.spree.test.AddAddressTest@2a3b5b47]" started-at="2024-03-15T12:55:00Z" name="tearDown" finished-at="2024-03-15T12:55:00Z" duration-ms="0" status="PASS">
          <params>
            <param index="0">
              <value>
                <![CDATA[[TestResult name=addAddress status=SUCCESS method=AddAddressTest.addAddress()[pri:0, instance:com.spree.test.AddAddressTest@2a3b5b47] output={null}]]]>
              </value>
            </param>
          </params>
          <reporter-output>
          </reporter-output>
        </test-method> <!-- tearDown -->
        <test-method is-config="true" signature="tearDown()[pri:0, instance:com.spree.test.AddAddressTest@2a3b5b47]" started-at="2024-03-15T12:55:01Z" name="tearDown" finished-at="2024-03-15T12:55:03Z" duration-ms="1247" status="PASS">
          <reporter-output>
          </reporter-output>
        </test-method> <!-- tearDown -->
      </class> <!-- com.spree.test.AddAddressTest -->
      <class name="com.spree.test.Spreecom_MyAccount_Test">
        <test-method is-config="true" signature="initializeTestBaseSetup(java.lang.String, java.lang.String)[pri:0, instance:com.spree.test.Spreecom_MyAccount_Test@33d512c1]" started-at="2024-03-15T12:54:14Z" name="initializeTestBaseSetup" finished-at="2024-03-15T12:54:24Z" duration-ms="9860" status="PASS">
          <params>
            <param index="0">
              <value>
                <![CDATA[edge]]>
              </value>
            </param>
            <param index="1">
              <value>
                <![CDATA[https://demo.spreecommerce.org/]]>
              </value>
            </param>
          </params>
          <reporter-output>
          </reporter-output>
        </test-method> <!-- initializeTestBaseSetup -->
        <test-method is-config="true" signature="setUp()[pri:0, instance:com.spree.test.Spreecom_MyAccount_Test@33d512c1]" started-at="2024-03-15T12:54:24Z" name="setUp" finished-at="2024-03-15T12:54:26Z" duration-ms="1935" status="PASS">
          <reporter-output>
          </reporter-output>
        </test-method> <!-- setUp -->
        <test-method signature="verifyMyAccountText()[pri:0, instance:com.spree.test.Spreecom_MyAccount_Test@33d512c1]" started-at="2024-03-15T12:54:26Z" name="verifyMyAccountText" finished-at="2024-03-15T12:54:30Z" duration-ms="4058" status="PASS">
          <reporter-output>
          </reporter-output>
        </test-method> <!-- verifyMyAccountText -->
        <test-method is-config="true" signature="tearDown(org.testng.ITestResult)[pri:0, instance:com.spree.test.Spreecom_MyAccount_Test@33d512c1]" started-at="2024-03-15T12:54:30Z" name="tearDown" finished-at="2024-03-15T12:54:30Z" duration-ms="5" status="PASS">
          <params>
            <param index="0">
              <value>
                <![CDATA[[TestResult name=verifyMyAccountText status=SUCCESS method=Spreecom_MyAccount_Test.verifyMyAccountText()[pri:0, instance:com.spree.test.Spreecom_MyAccount_Test@33d512c1] output={null}]]]>
              </value>
            </param>
          </params>
          <reporter-output>
          </reporter-output>
        </test-method> <!-- tearDown -->
        <test-method signature="verifyMyAccountUrl()[pri:0, instance:com.spree.test.Spreecom_MyAccount_Test@33d512c1]" started-at="2024-03-15T12:54:30Z" name="verifyMyAccountUrl" finished-at="2024-03-15T12:54:34Z" duration-ms="4015" status="PASS">
          <reporter-output>
          </reporter-output>
        </test-method> <!-- verifyMyAccountUrl -->
        <test-method is-config="true" signature="logout()[pri:0, instance:com.spree.test.Spreecom_MyAccount_Test@33d512c1]" started-at="2024-03-15T12:54:34Z" name="logout" finished-at="2024-03-15T12:54:35Z" duration-ms="1196" status="PASS">
          <reporter-output>
          </reporter-output>
        </test-method> <!-- logout -->
        <test-method is-config="true" signature="tearDown(org.testng.ITestResult)[pri:0, instance:com.spree.test.Spreecom_MyAccount_Test@33d512c1]" started-at="2024-03-15T12:54:34Z" name="tearDown" finished-at="2024-03-15T12:54:34Z" duration-ms="0" status="PASS">
          <params>
            <param index="0">
              <value>
                <![CDATA[[TestResult name=verifyMyAccountUrl status=SUCCESS method=Spreecom_MyAccount_Test.verifyMyAccountUrl()[pri:0, instance:com.spree.test.Spreecom_MyAccount_Test@33d512c1] output={null}]]]>
              </value>
            </param>
          </params>
          <reporter-output>
          </reporter-output>
        </test-method> <!-- tearDown -->
        <test-method is-config="true" signature="tearDown()[pri:0, instance:com.spree.test.Spreecom_MyAccount_Test@33d512c1]" started-at="2024-03-15T12:54:35Z" name="tearDown" finished-at="2024-03-15T12:54:37Z" duration-ms="1431" status="PASS">
          <reporter-output>
          </reporter-output>
        </test-method> <!-- tearDown -->
      </class> <!-- com.spree.test.Spreecom_MyAccount_Test -->
      <class name="com.spree.test.EditAddressTest">
        <test-method is-config="true" signature="initializeTestBaseSetup(java.lang.String, java.lang.String)[pri:0, instance:com.spree.test.EditAddressTest@55141def]" started-at="2024-03-15T12:55:03Z" name="initializeTestBaseSetup" finished-at="2024-03-15T12:55:12Z" duration-ms="9047" status="PASS">
          <params>
            <param index="0">
              <value>
                <![CDATA[edge]]>
              </value>
            </param>
            <param index="1">
              <value>
                <![CDATA[https://demo.spreecommerce.org/]]>
              </value>
            </param>
          </params>
          <reporter-output>
          </reporter-output>
        </test-method> <!-- initializeTestBaseSetup -->
        <test-method is-config="true" signature="setUp()[pri:0, instance:com.spree.test.EditAddressTest@55141def]" started-at="2024-03-15T12:55:12Z" name="setUp" finished-at="2024-03-15T12:55:14Z" duration-ms="2377" status="PASS">
          <reporter-output>
          </reporter-output>
        </test-method> <!-- setUp -->
        <test-method signature="validateEditAddressURL()[pri:0, instance:com.spree.test.EditAddressTest@55141def]" started-at="2024-03-15T12:55:14Z" name="validateEditAddressURL" finished-at="2024-03-15T12:55:20Z" duration-ms="6174" status="PASS">
          <reporter-output>
          </reporter-output>
        </test-method> <!-- validateEditAddressURL -->
        <test-method is-config="true" signature="tearDown(org.testng.ITestResult)[pri:0, instance:com.spree.test.EditAddressTest@55141def]" started-at="2024-03-15T12:55:20Z" name="tearDown" finished-at="2024-03-15T12:55:20Z" duration-ms="5" status="PASS">
          <params>
            <param index="0">
              <value>
                <![CDATA[[TestResult name=validateEditAddressURL status=SUCCESS method=EditAddressTest.validateEditAddressURL()[pri:0, instance:com.spree.test.EditAddressTest@55141def] output={null}]]]>
              </value>
            </param>
          </params>
          <reporter-output>
          </reporter-output>
        </test-method> <!-- tearDown -->
        <test-method signature="validateEditAddressText()[pri:0, instance:com.spree.test.EditAddressTest@55141def]" started-at="2024-03-15T12:55:20Z" name="validateEditAddressText" finished-at="2024-03-15T12:55:22Z" duration-ms="2046" status="PASS">
          <reporter-output>
          </reporter-output>
        </test-method> <!-- validateEditAddressText -->
        <test-method is-config="true" signature="tearDown(org.testng.ITestResult)[pri:0, instance:com.spree.test.EditAddressTest@55141def]" started-at="2024-03-15T12:55:22Z" name="tearDown" finished-at="2024-03-15T12:55:22Z" duration-ms="0" status="PASS">
          <params>
            <param index="0">
              <value>
                <![CDATA[[TestResult name=validateEditAddressText status=SUCCESS method=EditAddressTest.validateEditAddressText()[pri:0, instance:com.spree.test.EditAddressTest@55141def] output={null}]]]>
              </value>
            </param>
          </params>
          <reporter-output>
          </reporter-output>
        </test-method> <!-- tearDown -->
        <test-method signature="editAddress()[pri:0, instance:com.spree.test.EditAddressTest@55141def]" started-at="2024-03-15T12:55:22Z" name="editAddress" finished-at="2024-03-15T12:55:28Z" duration-ms="6109" status="PASS">
          <reporter-output>
          </reporter-output>
        </test-method> <!-- editAddress -->
        <test-method is-config="true" signature="tearDown(org.testng.ITestResult)[pri:0, instance:com.spree.test.EditAddressTest@55141def]" started-at="2024-03-15T12:55:28Z" name="tearDown" finished-at="2024-03-15T12:55:28Z" duration-ms="0" status="PASS">
          <params>
            <param index="0">
              <value>
                <![CDATA[[TestResult name=editAddress status=SUCCESS method=EditAddressTest.editAddress()[pri:0, instance:com.spree.test.EditAddressTest@55141def] output={null}]]]>
              </value>
            </param>
          </params>
          <reporter-output>
          </reporter-output>
        </test-method> <!-- tearDown -->
        <test-method is-config="true" signature="logout()[pri:0, instance:com.spree.test.EditAddressTest@55141def]" started-at="2024-03-15T12:55:28Z" name="logout" finished-at="2024-03-15T12:55:29Z" duration-ms="949" status="PASS">
          <reporter-output>
          </reporter-output>
        </test-method> <!-- logout -->
        <test-method is-config="true" signature="tearDown()[pri:0, instance:com.spree.test.EditAddressTest@55141def]" started-at="2024-03-15T12:55:29Z" name="tearDown" finished-at="2024-03-15T12:55:31Z" duration-ms="1233" status="PASS">
          <reporter-output>
          </reporter-output>
        </test-method> <!-- tearDown -->
      </class> <!-- com.spree.test.EditAddressTest -->
    </test> <!-- test-1 -->
  </suite> <!-- Page Object test example -->
</testng-results>
